0 info it worked if it ends with ok
1 verbose cli [ 'node',
1 verbose cli   '/usr/local/bin/npm',
1 verbose cli   'install',
1 verbose cli   '--save-dev',
1 verbose cli   'react-addons-update@latest' ]
2 info using npm@2.12.1
3 info using node@v0.12.7
4 verbose node symlink /usr/local/bin/node
5 verbose install initial load of /Users/aaronemery/The Iron Yard/Final Project/final-project/package.json
6 verbose installManyTop reading scoped package data from /Users/aaronemery/The Iron Yard/Final Project/final-project/node_modules/babel-core/package.json
7 verbose installManyTop reading scoped package data from /Users/aaronemery/The Iron Yard/Final Project/final-project/node_modules/babel-loader/package.json
8 verbose installManyTop reading scoped package data from /Users/aaronemery/The Iron Yard/Final Project/final-project/node_modules/backbone/package.json
9 verbose installManyTop reading scoped package data from /Users/aaronemery/The Iron Yard/Final Project/final-project/node_modules/bourbon/package.json
10 verbose installManyTop reading scoped package data from /Users/aaronemery/The Iron Yard/Final Project/final-project/node_modules/bourbon-neat/package.json
11 verbose installManyTop reading scoped package data from /Users/aaronemery/The Iron Yard/Final Project/final-project/node_modules/css-loader/package.json
12 verbose installManyTop reading scoped package data from /Users/aaronemery/The Iron Yard/Final Project/final-project/node_modules/eslint/package.json
13 verbose installManyTop reading scoped package data from /Users/aaronemery/The Iron Yard/Final Project/final-project/node_modules/eslint-plugin-react/package.json
14 verbose installManyTop reading scoped package data from /Users/aaronemery/The Iron Yard/Final Project/final-project/node_modules/file-loader/package.json
15 verbose installManyTop reading scoped package data from /Users/aaronemery/The Iron Yard/Final Project/final-project/node_modules/font-awesome/package.json
16 verbose installManyTop reading scoped package data from /Users/aaronemery/The Iron Yard/Final Project/final-project/node_modules/foundation-sites/package.json
17 verbose installManyTop reading scoped package data from /Users/aaronemery/The Iron Yard/Final Project/final-project/node_modules/gulp/package.json
18 verbose installManyTop reading scoped package data from /Users/aaronemery/The Iron Yard/Final Project/final-project/node_modules/gulp-gh-pages/package.json
19 verbose installManyTop reading scoped package data from /Users/aaronemery/The Iron Yard/Final Project/final-project/node_modules/gulp-util/package.json
20 verbose installManyTop reading scoped package data from /Users/aaronemery/The Iron Yard/Final Project/final-project/node_modules/history/package.json
21 verbose installManyTop reading scoped package data from /Users/aaronemery/The Iron Yard/Final Project/final-project/node_modules/html-webpack-plugin/package.json
22 verbose installManyTop reading scoped package data from /Users/aaronemery/The Iron Yard/Final Project/final-project/node_modules/jquery/package.json
23 verbose installManyTop reading scoped package data from /Users/aaronemery/The Iron Yard/Final Project/final-project/node_modules/jquery-param/package.json
24 verbose installManyTop reading scoped package data from /Users/aaronemery/The Iron Yard/Final Project/final-project/node_modules/modernizr-webpack-plugin/package.json
25 verbose installManyTop reading scoped package data from /Users/aaronemery/The Iron Yard/Final Project/final-project/node_modules/moment/package.json
26 verbose installManyTop reading scoped package data from /Users/aaronemery/The Iron Yard/Final Project/final-project/node_modules/node-sass/package.json
27 verbose installManyTop reading scoped package data from /Users/aaronemery/The Iron Yard/Final Project/final-project/node_modules/normalize.css/package.json
28 verbose installManyTop reading scoped package data from /Users/aaronemery/The Iron Yard/Final Project/final-project/node_modules/open-browser-webpack-plugin/package.json
29 verbose installManyTop reading scoped package data from /Users/aaronemery/The Iron Yard/Final Project/final-project/node_modules/react/package.json
30 verbose installManyTop reading scoped package data from /Users/aaronemery/The Iron Yard/Final Project/final-project/node_modules/react-addons-update/package.json
31 verbose installManyTop reading scoped package data from /Users/aaronemery/The Iron Yard/Final Project/final-project/node_modules/react-dom/package.json
32 verbose installManyTop reading scoped package data from /Users/aaronemery/The Iron Yard/Final Project/final-project/node_modules/react-hot-loader/package.json
33 verbose installManyTop reading scoped package data from /Users/aaronemery/The Iron Yard/Final Project/final-project/node_modules/react-router/package.json
34 verbose installManyTop reading scoped package data from /Users/aaronemery/The Iron Yard/Final Project/final-project/node_modules/resolve-url-loader/package.json
35 verbose installManyTop reading scoped package data from /Users/aaronemery/The Iron Yard/Final Project/final-project/node_modules/sass-loader/package.json
36 verbose installManyTop reading scoped package data from /Users/aaronemery/The Iron Yard/Final Project/final-project/node_modules/style-loader/package.json
37 verbose installManyTop reading scoped package data from /Users/aaronemery/The Iron Yard/Final Project/final-project/node_modules/underscore/package.json
38 verbose installManyTop reading scoped package data from /Users/aaronemery/The Iron Yard/Final Project/final-project/node_modules/url-loader/package.json
39 verbose installManyTop reading scoped package data from /Users/aaronemery/The Iron Yard/Final Project/final-project/node_modules/webpack/package.json
40 verbose installManyTop reading scoped package data from /Users/aaronemery/The Iron Yard/Final Project/final-project/node_modules/webpack-dev-server/package.json
41 info package.json babel-core@5.8.29 No README data
42 info package.json foundation-sites@5.5.3 No license field.
43 info package.json jquery@2.1.4 No license field.
44 info package.json react-addons-update@0.14.1 No repository field.
45 verbose readDependencies loading dependencies from /Users/aaronemery/The Iron Yard/Final Project/final-project/package.json
46 silly cache add args [ 'react-addons-update@latest', null ]
47 verbose cache add spec react-addons-update@latest
48 silly cache add parsed spec { raw: 'react-addons-update@latest',
48 silly cache add   scope: null,
48 silly cache add   name: 'react-addons-update',
48 silly cache add   rawSpec: 'latest',
48 silly cache add   spec: 'latest',
48 silly cache add   type: 'tag' }
49 silly addNamed react-addons-update@latest
50 verbose addNamed "latest" is being treated as a dist-tag for react-addons-update
51 info addNameTag [ 'react-addons-update', 'latest' ]
52 silly mapToRegistry name react-addons-update
53 silly mapToRegistry using default registry
54 silly mapToRegistry registry https://registry.npmjs.org/
55 silly mapToRegistry uri https://registry.npmjs.org/react-addons-update
56 verbose addNameTag registry:https://registry.npmjs.org/react-addons-update not in flight; fetching
57 verbose request uri https://registry.npmjs.org/react-addons-update
58 verbose request no auth needed
59 info attempt registry request try #1 at 18:54:10
60 verbose request id bc42ba68d9fee49d
61 verbose etag "DOSUXDO5DUPVYJ8BNTF87BIJ4"
62 http request GET https://registry.npmjs.org/react-addons-update
63 http 304 https://registry.npmjs.org/react-addons-update
64 silly get cb [ 304,
64 silly get   { date: 'Sun, 01 Nov 2015 23:54:10 GMT',
64 silly get     via: '1.1 varnish',
64 silly get     'cache-control': 'max-age=60',
64 silly get     etag: '"DOSUXDO5DUPVYJ8BNTF87BIJ4"',
64 silly get     age: '0',
64 silly get     connection: 'keep-alive',
64 silly get     'x-served-by': 'cache-atl6221-ATL',
64 silly get     'x-cache': 'MISS',
64 silly get     'x-cache-hits': '0',
64 silly get     'x-timer': 'S1446422050.570166,VS0,VE522',
64 silly get     vary: 'Accept' } ]
65 verbose etag https://registry.npmjs.org/react-addons-update from cache
66 verbose get saving react-addons-update to /Users/aaronemery/.npm/registry.npmjs.org/react-addons-update/.cache.json
67 silly addNameTag next cb for react-addons-update with tag latest
68 silly addNamed react-addons-update@0.14.1
69 verbose addNamed "0.14.1" is a plain semver version for react-addons-update
70 silly cache afterAdd react-addons-update@0.14.1
71 verbose afterAdd /Users/aaronemery/.npm/react-addons-update/0.14.1/package/package.json not in flight; writing
72 verbose afterAdd /Users/aaronemery/.npm/react-addons-update/0.14.1/package/package.json written
73 silly install resolved [ { name: 'react-addons-update',
73 silly install resolved     version: '0.14.1',
73 silly install resolved     main: 'index.js',
73 silly install resolved     license: 'BSD-3-Clause',
73 silly install resolved     peerDependencies: { react: '^0.14.1' },
73 silly install resolved     description: 'This package provides the React updates add-on. See http://facebook.github.io/react/docs/addons.html for more information.',
73 silly install resolved     _id: 'react-addons-update@0.14.1',
73 silly install resolved     _shasum: 'fb1fa1fa7f0a9faf3d90a0d451a35c1c13ac9b89',
73 silly install resolved     _resolved: 'https://registry.npmjs.org/react-addons-update/-/react-addons-update-0.14.1.tgz',
73 silly install resolved     _from: 'react-addons-update@latest',
73 silly install resolved     scripts: {},
73 silly install resolved     _npmVersion: '2.14.8',
73 silly install resolved     _nodeVersion: '4.2.0',
73 silly install resolved     _npmUser: { name: 'zpao', email: 'paul@oshannessy.com' },
73 silly install resolved     maintainers: [ [Object], [Object] ],
73 silly install resolved     dist:
73 silly install resolved      { shasum: 'fb1fa1fa7f0a9faf3d90a0d451a35c1c13ac9b89',
73 silly install resolved        tarball: 'http://registry.npmjs.org/react-addons-update/-/react-addons-update-0.14.1.tgz' },
73 silly install resolved     directories: {},
73 silly install resolved     readme: 'ERROR: No README data found!' } ]
74 info install react-addons-update@0.14.1 into /Users/aaronemery/The Iron Yard/Final Project/final-project
75 info installOne react-addons-update@0.14.1
76 verbose installOne of react-addons-update to /Users/aaronemery/The Iron Yard/Final Project/final-project not in flight; installing
77 verbose lock using /Users/aaronemery/.npm/_locks/react-addons-update-e26e74e4951a08cc.lock for /Users/aaronemery/The Iron Yard/Final Project/final-project/node_modules/react-addons-update
78 silly install write writing react-addons-update 0.14.1 to /Users/aaronemery/The Iron Yard/Final Project/final-project/node_modules/react-addons-update
79 verbose unbuild node_modules/react-addons-update
80 info preuninstall react-addons-update@0.14.1
81 info uninstall react-addons-update@0.14.1
82 verbose unbuild rmStuff react-addons-update@0.14.1 from /Users/aaronemery/The Iron Yard/Final Project/final-project/node_modules
83 info postuninstall react-addons-update@0.14.1
84 silly gentlyRm /Users/aaronemery/The Iron Yard/Final Project/final-project/node_modules/react-addons-update is being purged from base /Users/aaronemery/The Iron Yard/Final Project/final-project
85 verbose gentlyRm don't care about contents; nuking /Users/aaronemery/The Iron Yard/Final Project/final-project/node_modules/react-addons-update
86 silly vacuum-fs purging /Users/aaronemery/The Iron Yard/Final Project/final-project/node_modules/react-addons-update
87 silly vacuum-fs quitting because other entries in /Users/aaronemery/The Iron Yard/Final Project/final-project/node_modules
88 verbose tar unpack /Users/aaronemery/.npm/react-addons-update/0.14.1/package.tgz
89 verbose tar unpacking to /Users/aaronemery/The Iron Yard/Final Project/final-project/node_modules/react-addons-update
90 silly gentlyRm /Users/aaronemery/The Iron Yard/Final Project/final-project/node_modules/react-addons-update is being purged
91 verbose gentlyRm don't care about contents; nuking /Users/aaronemery/The Iron Yard/Final Project/final-project/node_modules/react-addons-update
92 silly gunzTarPerm modes [ '755', '644' ]
93 silly gunzTarPerm extractEntry package.json
94 silly gunzTarPerm extractEntry README.md
95 silly gunzTarPerm extractEntry LICENSE
96 silly gunzTarPerm extractEntry index.js
97 silly gunzTarPerm extractEntry PATENTS
98 verbose write writing to /Users/aaronemery/The Iron Yard/Final Project/final-project/node_modules/react-addons-update/package.json
99 info preinstall react-addons-update@0.14.1
100 verbose readDependencies loading dependencies from /Users/aaronemery/The Iron Yard/Final Project/final-project/node_modules/react-addons-update/package.json
101 silly prepareForInstallMany adding react@^0.14.1 from react-addons-update peerDependencies
102 warn peerDependencies The peer dependency react@^0.14.1 included from react-addons-update will no
103 warn peerDependencies longer be automatically installed to fulfill the peerDependency
104 warn peerDependencies in npm 3+. Your application will need to depend on it explicitly.
105 verbose readDependencies loading dependencies from /Users/aaronemery/The Iron Yard/Final Project/final-project/node_modules/react-addons-update/package.json
106 silly install resolved []
107 verbose about to build /Users/aaronemery/The Iron Yard/Final Project/final-project/node_modules/react-addons-update
108 info build /Users/aaronemery/The Iron Yard/Final Project/final-project/node_modules/react-addons-update
109 info linkStuff react-addons-update@0.14.1
110 silly linkStuff react-addons-update@0.14.1 has /Users/aaronemery/The Iron Yard/Final Project/final-project/node_modules as its parent node_modules
111 verbose linkBins react-addons-update@0.14.1
112 verbose linkMans react-addons-update@0.14.1
113 verbose rebuildBundles react-addons-update@0.14.1
114 info install react-addons-update@0.14.1
115 info postinstall react-addons-update@0.14.1
116 verbose readDependencies loading dependencies from /Users/aaronemery/The Iron Yard/Final Project/final-project/package.json
117 verbose targetResolver reading package data from /Users/aaronemery/The Iron Yard/Final Project/final-project/node_modules/babel-core/package.json
118 verbose targetResolver reading package data from /Users/aaronemery/The Iron Yard/Final Project/final-project/node_modules/babel-loader/package.json
119 verbose targetResolver reading package data from /Users/aaronemery/The Iron Yard/Final Project/final-project/node_modules/backbone/package.json
120 verbose targetResolver reading package data from /Users/aaronemery/The Iron Yard/Final Project/final-project/node_modules/bourbon/package.json
121 verbose targetResolver reading package data from /Users/aaronemery/The Iron Yard/Final Project/final-project/node_modules/bourbon-neat/package.json
122 verbose targetResolver reading package data from /Users/aaronemery/The Iron Yard/Final Project/final-project/node_modules/css-loader/package.json
123 verbose targetResolver reading package data from /Users/aaronemery/The Iron Yard/Final Project/final-project/node_modules/eslint/package.json
124 verbose targetResolver reading package data from /Users/aaronemery/The Iron Yard/Final Project/final-project/node_modules/eslint-plugin-react/package.json
125 verbose targetResolver reading package data from /Users/aaronemery/The Iron Yard/Final Project/final-project/node_modules/file-loader/package.json
126 verbose targetResolver reading package data from /Users/aaronemery/The Iron Yard/Final Project/final-project/node_modules/font-awesome/package.json
127 verbose targetResolver reading package data from /Users/aaronemery/The Iron Yard/Final Project/final-project/node_modules/foundation-sites/package.json
128 verbose targetResolver reading package data from /Users/aaronemery/The Iron Yard/Final Project/final-project/node_modules/gulp/package.json
129 verbose targetResolver reading package data from /Users/aaronemery/The Iron Yard/Final Project/final-project/node_modules/gulp-gh-pages/package.json
130 verbose targetResolver reading package data from /Users/aaronemery/The Iron Yard/Final Project/final-project/node_modules/gulp-util/package.json
131 verbose targetResolver reading package data from /Users/aaronemery/The Iron Yard/Final Project/final-project/node_modules/history/package.json
132 verbose targetResolver reading package data from /Users/aaronemery/The Iron Yard/Final Project/final-project/node_modules/html-webpack-plugin/package.json
133 verbose targetResolver reading package data from /Users/aaronemery/The Iron Yard/Final Project/final-project/node_modules/jquery/package.json
134 verbose targetResolver reading package data from /Users/aaronemery/The Iron Yard/Final Project/final-project/node_modules/jquery-param/package.json
135 verbose targetResolver reading package data from /Users/aaronemery/The Iron Yard/Final Project/final-project/node_modules/modernizr-webpack-plugin/package.json
136 verbose targetResolver reading package data from /Users/aaronemery/The Iron Yard/Final Project/final-project/node_modules/moment/package.json
137 verbose targetResolver reading package data from /Users/aaronemery/The Iron Yard/Final Project/final-project/node_modules/node-sass/package.json
138 verbose targetResolver reading package data from /Users/aaronemery/The Iron Yard/Final Project/final-project/node_modules/normalize.css/package.json
139 verbose targetResolver reading package data from /Users/aaronemery/The Iron Yard/Final Project/final-project/node_modules/open-browser-webpack-plugin/package.json
140 verbose targetResolver reading package data from /Users/aaronemery/The Iron Yard/Final Project/final-project/node_modules/react/package.json
141 verbose targetResolver reading package data from /Users/aaronemery/The Iron Yard/Final Project/final-project/node_modules/react-addons-update/package.json
142 verbose targetResolver reading package data from /Users/aaronemery/The Iron Yard/Final Project/final-project/node_modules/react-dom/package.json
143 verbose targetResolver reading package data from /Users/aaronemery/The Iron Yard/Final Project/final-project/node_modules/react-hot-loader/package.json
144 verbose targetResolver reading package data from /Users/aaronemery/The Iron Yard/Final Project/final-project/node_modules/react-router/package.json
145 verbose targetResolver reading package data from /Users/aaronemery/The Iron Yard/Final Project/final-project/node_modules/resolve-url-loader/package.json
146 verbose targetResolver reading package data from /Users/aaronemery/The Iron Yard/Final Project/final-project/node_modules/sass-loader/package.json
147 verbose targetResolver reading package data from /Users/aaronemery/The Iron Yard/Final Project/final-project/node_modules/style-loader/package.json
148 verbose targetResolver reading package data from /Users/aaronemery/The Iron Yard/Final Project/final-project/node_modules/underscore/package.json
149 verbose targetResolver reading package data from /Users/aaronemery/The Iron Yard/Final Project/final-project/node_modules/url-loader/package.json
150 verbose targetResolver reading package data from /Users/aaronemery/The Iron Yard/Final Project/final-project/node_modules/webpack/package.json
151 verbose targetResolver reading package data from /Users/aaronemery/The Iron Yard/Final Project/final-project/node_modules/webpack-dev-server/package.json
152 verbose targetResolver reading package data from /Users/aaronemery/The Iron Yard/Final Project/final-project/node_modules/.bin/eslint/package.json
153 verbose targetResolver reading package data from /Users/aaronemery/The Iron Yard/Final Project/final-project/node_modules/.bin/gulp/package.json
154 verbose targetResolver reading package data from /Users/aaronemery/The Iron Yard/Final Project/final-project/node_modules/.bin/node-sass/package.json
155 verbose targetResolver reading package data from /Users/aaronemery/The Iron Yard/Final Project/final-project/node_modules/.bin/webpack/package.json
156 verbose targetResolver reading package data from /Users/aaronemery/The Iron Yard/Final Project/final-project/node_modules/.bin/webpack-dev-server/package.json
157 verbose already installed skipping react@^0.14.1 /Users/aaronemery/The Iron Yard/Final Project/final-project
158 silly install resolved []
159 verbose unlock done using /Users/aaronemery/.npm/_locks/react-addons-update-e26e74e4951a08cc.lock for /Users/aaronemery/The Iron Yard/Final Project/final-project/node_modules/react-addons-update
160 verbose validateInstall loading /Users/aaronemery/The Iron Yard/Final Project/final-project/package.json for validation
161 verbose stack Error: The package react does not satisfy its siblings' peerDependencies requirements!
161 verbose stack     at /usr/local/lib/node_modules/npm/lib/install.js:125:32
161 verbose stack     at /usr/local/lib/node_modules/npm/lib/install.js:267:7
161 verbose stack     at /usr/local/lib/node_modules/npm/node_modules/read-installed/read-installed.js:142:5
161 verbose stack     at /usr/local/lib/node_modules/npm/node_modules/read-installed/read-installed.js:263:14
161 verbose stack     at cb (/usr/local/lib/node_modules/npm/node_modules/slide/lib/async-map.js:47:24)
161 verbose stack     at /usr/local/lib/node_modules/npm/node_modules/read-installed/read-installed.js:263:14
161 verbose stack     at cb (/usr/local/lib/node_modules/npm/node_modules/slide/lib/async-map.js:47:24)
161 verbose stack     at /usr/local/lib/node_modules/npm/node_modules/read-installed/read-installed.js:263:14
161 verbose stack     at cb (/usr/local/lib/node_modules/npm/node_modules/slide/lib/async-map.js:47:24)
161 verbose stack     at /usr/local/lib/node_modules/npm/node_modules/read-installed/read-installed.js:263:14
162 verbose cwd /Users/aaronemery/The Iron Yard/Final Project/final-project
163 error Darwin 14.5.0
164 error argv "node" "/usr/local/bin/npm" "install" "--save-dev" "react-addons-update@latest"
165 error node v0.12.7
166 error npm  v2.12.1
167 error code EPEERINVALID
168 error peerinvalid The package react does not satisfy its siblings' peerDependencies requirements!
169 verbose exit [ 1, true ]
